GowinSynthesis start
Running parser ...
Analyzing Verilog file 'C:\Users\makad\Documents\Projects\Verilog\MouseScreen\src\mousescreen.v'
Analyzing Verilog file 'C:\Users\makad\Documents\Projects\Verilog\MouseScreen\src\hdmi.v'
Analyzing Verilog file 'C:\Users\makad\Documents\Projects\Verilog\MouseScreen\src\tdms_encoder.v'
WARN  (EX2478) : Non-net output port 'TMDS' cannot be initialized at declaration in SystemVerilog mode("C:\Users\makad\Documents\Projects\Verilog\MouseScreen\src\tdms_encoder.v":6)
Analyzing Verilog file 'C:\Users\makad\Documents\Projects\Verilog\MouseScreen\src\gowin_pll\gowin_pll.v'
Analyzing Verilog file 'C:\Users\makad\Documents\Projects\Verilog\MouseScreen\src\gowin_pll\gowin_pll_mod.v'
Analyzing Verilog file 'C:\Users\makad\Documents\Projects\Verilog\MouseScreen\src\pll_init.v'
Compiling module 'Gowin_PLL'("C:\Users\makad\Documents\Projects\Verilog\MouseScreen\src\gowin_pll\gowin_pll.v":1)
Compiling module 'Gowin_PLL_MOD'("C:\Users\makad\Documents\Projects\Verilog\MouseScreen\src\gowin_pll\gowin_pll_mod.v":10)
Compiling module 'PLL_INIT(MULTI_FAC=16)'("C:\Users\makad\Documents\Projects\Verilog\MouseScreen\src\pll_init.v":4)
NOTE  (EX0101) : Current top module is "Gowin_PLL"
[5%] Running netlist conversion ...
Running device independent optimization ...
[10%] Optimizing Phase 0 completed
[15%] Optimizing Phase 1 completed
[25%] Optimizing Phase 2 completed
Running inference ...
[30%] Inferring Phase 0 completed
[40%] Inferring Phase 1 completed
[50%] Inferring Phase 2 completed
[55%] Inferring Phase 3 completed
Running technical mapping ...
[60%] Tech-Mapping Phase 0 completed
[65%] Tech-Mapping Phase 1 completed
[75%] Tech-Mapping Phase 2 completed
[80%] Tech-Mapping Phase 3 completed
[90%] Tech-Mapping Phase 4 completed
[95%] Generate netlist file "C:\Users\makad\Documents\Projects\Verilog\MouseScreen\impl\gwsynthesis\MouseScreen.vg" completed
[100%] Generate report file "C:\Users\makad\Documents\Projects\Verilog\MouseScreen\impl\gwsynthesis\MouseScreen_syn.rpt.html" completed
GowinSynthesis finish
